0 silly input [ 'start' ]
1 silly flags { _: [ 'run' ],
1 silly flags   'reject-cycles': false,
1 silly flags   rejectCycles: false,
1 silly flags   script: 'start',
1 silly flags   args: [] }
2 verbose rootPath /Users/selva.g/projects/monorepo
3 info version 2.10.1
4 silly existsSync /Users/selva.g/projects/monorepo/VERSION
5 silly initialize attempt
6 silly initialize success
7 silly execute attempt
8 silly runScriptInDir start [] api-1
9 silly getExecOpts { cwd: '/Users/selva.g/projects/monorepo/api-1' }
10 silly runScriptInDir start [] api-2
11 silly getExecOpts { cwd: '/Users/selva.g/projects/monorepo/api-2' }
12 silly runScriptInDir start [] ui
13 silly getExecOpts { cwd: '/Users/selva.g/projects/monorepo/ui' }
14 error start Errored while running script in 'ui'
15 error execute callback with error
16 error Error: Command failed: yarn run start
16 error events.js:112
16 error       throw er; // Unhandled 'error' event
16 error       ^
16 error
16 error Error: listen EADDRINUSE :::4000
16 error     at Object._errnoException (util.js:1003:13)
16 error     at _exceptionWithHostPort (util.js:1024:20)
16 error     at Server.setupListenHandle [as _listen2] (net.js:1353:14)
16 error     at listenInCluster (net.js:1394:12)
16 error     at Server.listen (net.js:1482:7)
16 error     at Object.<anonymous> (/Users/selva.g/projects/monorepo/ui/index.js:16:8)
16 error     at Module._compile (module.js:662:30)
16 error     at Object.Module._extensions..js (module.js:673:10)
16 error     at Module.load (module.js:575:32)
16 error     at tryModuleLoad (module.js:515:12)
16 error error Command failed with exit code 1.
16 error yarn run v1.3.2
16 error $ node index.js
16 error Server is listening @4001
16 error info Visit https://yarnpkg.com/en/docs/cli/run for documentation about this command.
16 error
16 error     at Promise.all.then.arr (/Users/selva.g/.config/yarn/global/node_modules/execa/index.js:236:11)
16 error     at <anonymous>
